
*** Running vivado
    with args -log codebreaker_serial_top.vds -m64 -product Vivado -mode batch -messageDb vivado.pb -notrace -source codebreaker_serial_top.tcl



****** Vivado v2020.1 (64-bit)
  **** SW Build 2902540 on Wed May 27 19:54:49 MDT 2020
  **** IP Build 2902112 on Wed May 27 22:43:36 MDT 2020
    ** Copyright 1986-2020 Xilinx, Inc. All Rights Reserved.

source codebreaker_serial_top.tcl -notrace
Command: synth_design -top codebreaker_serial_top -part xc7a35tlcpg236-2L
Starting synth_design
Attempting to get a license for feature 'Synthesis' and/or device 'xc7a35tl'
INFO: [Common 17-349] Got license for feature 'Synthesis' and/or device 'xc7a35tl'
INFO: [Device 21-403] Loading part xc7a35tlcpg236-2L
INFO: [Synth 8-7079] Multithreading enabled for synth_design using a maximum of 2 processes.
INFO: [Synth 8-7078] Launching helper process for spawning children vivado processes
INFO: [Synth 8-7075] Helper process launched with PID 33288
WARNING: [Synth 8-6901] identifier 'key' is used before its declaration [E:/Documents/SystemVerilog/Lab10/Lab10.srcs/sources_1/new/Codebreaker.sv:30]
---------------------------------------------------------------------------------
Starting RTL Elaboration : Time (s): cpu = 00:00:08 ; elapsed = 00:00:10 . Memory (MB): peak = 1073.402 ; gain = 0.000
---------------------------------------------------------------------------------
INFO: [Synth 8-6157] synthesizing module 'codebreaker_serial_top' [E:/Documents/SystemVerilog/Lab10/Lab10.srcs/sources_1/new/codebreaker_serial_top.sv:2]
INFO: [Synth 8-6157] synthesizing module 'CharDrawer_serial' [E:/Documents/SystemVerilog/Lab10/Lab10.srcs/sources_1/new/CharDrawer_serial.sv:1]
	Parameter MAX_CHARS bound to: 16 - type: integer 
INFO: [Synth 8-226] default block is never used [E:/Documents/SystemVerilog/Lab10/Lab10.srcs/sources_1/new/CharDrawer_serial.sv:55]
INFO: [Synth 8-6157] synthesizing module 'tx' [E:/Documents/SystemVerilog/Lab10/Lab10.srcs/sources_1/new/tx.sv:17]
INFO: [Synth 8-6157] synthesizing module 'BaudRateTimer' [E:/Documents/SystemVerilog/Lab10/Lab10.srcs/sources_1/new/BaudRateTimer.sv:15]
INFO: [Synth 8-6155] done synthesizing module 'BaudRateTimer' (1#1) [E:/Documents/SystemVerilog/Lab10/Lab10.srcs/sources_1/new/BaudRateTimer.sv:15]
INFO: [Synth 8-6157] synthesizing module 'BitCounter' [E:/Documents/SystemVerilog/Lab10/Lab10.srcs/sources_1/new/BitCounter.sv:16]
	Parameter MOD_VALUE bound to: 8 - type: integer 
INFO: [Synth 8-6155] done synthesizing module 'BitCounter' (2#1) [E:/Documents/SystemVerilog/Lab10/Lab10.srcs/sources_1/new/BitCounter.sv:16]
INFO: [Synth 8-6155] done synthesizing module 'tx' (3#1) [E:/Documents/SystemVerilog/Lab10/Lab10.srcs/sources_1/new/tx.sv:17]
INFO: [Synth 8-6155] done synthesizing module 'CharDrawer_serial' (4#1) [E:/Documents/SystemVerilog/Lab10/Lab10.srcs/sources_1/new/CharDrawer_serial.sv:1]
INFO: [Synth 8-6157] synthesizing module 'SevenSegmentControl' [E:/Documents/SystemVerilog/Lab8/Lab8.srcs/sources_1/new/SevenSegmentControl.sv:12]
	Parameter COUNT_BITS bound to: 17 - type: integer 
INFO: [Synth 8-6155] done synthesizing module 'SevenSegmentControl' (5#1) [E:/Documents/SystemVerilog/Lab8/Lab8.srcs/sources_1/new/SevenSegmentControl.sv:12]
INFO: [Synth 8-6157] synthesizing module 'stopwatch' [E:/Documents/SystemVerilog/Lab7/Lab7.srcs/sources_1/new/stopwatch.sv:14]
INFO: [Synth 8-6157] synthesizing module 'TenMSCounter' [E:/Documents/SystemVerilog/Lab7/Lab7.srcs/sources_1/new/TenMSCounter.sv:15]
INFO: [Synth 8-6155] done synthesizing module 'TenMSCounter' (6#1) [E:/Documents/SystemVerilog/Lab7/Lab7.srcs/sources_1/new/TenMSCounter.sv:15]
INFO: [Synth 8-6157] synthesizing module 'ModCounter' [E:/Documents/SystemVerilog/Lab7/Lab7.srcs/sources_1/new/ModCounter.sv:16]
	Parameter MOD_VALUE bound to: 10 - type: integer 
INFO: [Synth 8-6155] done synthesizing module 'ModCounter' (7#1) [E:/Documents/SystemVerilog/Lab7/Lab7.srcs/sources_1/new/ModCounter.sv:16]
INFO: [Synth 8-6157] synthesizing module 'ModCounter__parameterized0' [E:/Documents/SystemVerilog/Lab7/Lab7.srcs/sources_1/new/ModCounter.sv:16]
	Parameter MOD_VALUE bound to: 6 - type: integer 
INFO: [Synth 8-6155] done synthesizing module 'ModCounter__parameterized0' (7#1) [E:/Documents/SystemVerilog/Lab7/Lab7.srcs/sources_1/new/ModCounter.sv:16]
INFO: [Synth 8-6155] done synthesizing module 'stopwatch' (8#1) [E:/Documents/SystemVerilog/Lab7/Lab7.srcs/sources_1/new/stopwatch.sv:14]
INFO: [Synth 8-6157] synthesizing module 'Codebreaker' [E:/Documents/SystemVerilog/Lab10/Lab10.srcs/sources_1/new/Codebreaker.sv:23]
INFO: [Synth 8-6157] synthesizing module 'decrypt_rc4' [E:/Documents/SystemVerilog/Lab10/Lab10.srcs/sources_1/new/decrypt_rc4.sv:1]
	Parameter BYTES_LEN bound to: 16 - type: integer 
INFO: [Synth 8-155] case statement is not full and has no default [E:/Documents/SystemVerilog/Lab10/Lab10.srcs/sources_1/new/decrypt_rc4.sv:78]
INFO: [Synth 8-155] case statement is not full and has no default [E:/Documents/SystemVerilog/Lab10/Lab10.srcs/sources_1/new/decrypt_rc4.sv:125]
INFO: [Synth 8-155] case statement is not full and has no default [E:/Documents/SystemVerilog/Lab10/Lab10.srcs/sources_1/new/decrypt_rc4.sv:179]
INFO: [Synth 8-6157] synthesizing module 'dual_port_ram' [E:/Documents/SystemVerilog/Lab10/Lab10.srcs/sources_1/new/decrypt_rc4.sv:243]
	Parameter ADDR_WIDTH bound to: 8 - type: integer 
	Parameter DATA_WIDTH bound to: 8 - type: integer 
INFO: [Synth 8-6155] done synthesizing module 'dual_port_ram' (9#1) [E:/Documents/SystemVerilog/Lab10/Lab10.srcs/sources_1/new/decrypt_rc4.sv:243]
INFO: [Synth 8-6155] done synthesizing module 'decrypt_rc4' (10#1) [E:/Documents/SystemVerilog/Lab10/Lab10.srcs/sources_1/new/decrypt_rc4.sv:1]
INFO: [Synth 8-155] case statement is not full and has no default [E:/Documents/SystemVerilog/Lab10/Lab10.srcs/sources_1/new/Codebreaker.sv:54]
INFO: [Synth 8-6155] done synthesizing module 'Codebreaker' (11#1) [E:/Documents/SystemVerilog/Lab10/Lab10.srcs/sources_1/new/Codebreaker.sv:23]
INFO: [Synth 8-6155] done synthesizing module 'codebreaker_serial_top' (12#1) [E:/Documents/SystemVerilog/Lab10/Lab10.srcs/sources_1/new/codebreaker_serial_top.sv:2]
---------------------------------------------------------------------------------
Finished RTL Elaboration : Time (s): cpu = 00:00:10 ; elapsed = 00:00:13 . Memory (MB): peak = 1081.816 ; gain = 8.414
---------------------------------------------------------------------------------
---------------------------------------------------------------------------------
Start Handling Custom Attributes
---------------------------------------------------------------------------------
---------------------------------------------------------------------------------
Finished Handling Custom Attributes : Time (s): cpu = 00:00:11 ; elapsed = 00:00:15 . Memory (MB): peak = 1081.816 ; gain = 8.414
---------------------------------------------------------------------------------
---------------------------------------------------------------------------------
Finished RTL Optimization Phase 1 : Time (s): cpu = 00:00:11 ; elapsed = 00:00:15 . Memory (MB): peak = 1081.816 ; gain = 8.414
---------------------------------------------------------------------------------
Netlist sorting complete. Time (s): cpu = 00:00:00 ; elapsed = 00:00:00.036 . Memory (MB): peak = 1081.816 ; gain = 0.000
INFO: [Project 1-570] Preparing netlist for logic optimization

Processing XDC Constraints
Initializing timing engine
Parsing XDC File [E:/Documents/SystemVerilog/Lab10/Lab10.srcs/constrs_1/new/constraints.xdc]
Finished Parsing XDC File [E:/Documents/SystemVerilog/Lab10/Lab10.srcs/constrs_1/new/constraints.xdc]
INFO: [Project 1-236] Implementation specific constraints were found while reading constraint file [E:/Documents/SystemVerilog/Lab10/Lab10.srcs/constrs_1/new/constraints.xdc]. These constraints will be ignored for synthesis but will be used in implementation. Impacted constraints are listed in the file [.Xil/codebreaker_serial_top_propImpl.xdc].
Resolution: To avoid this warning, move constraints listed in [.Xil/codebreaker_serial_top_propImpl.xdc] to another XDC file and exclude this new file from synthesis with the used_in_synthesis property (File Properties dialog in GUI) and re-run elaboration/synthesis.
Completed Processing XDC Constraints

Netlist sorting complete. Time (s): cpu = 00:00:00 ; elapsed = 00:00:00 . Memory (MB): peak = 1190.094 ; gain = 0.000
INFO: [Project 1-111] Unisim Transformation Summary:
No Unisim elements were transformed.

Constraint Validation Runtime : Time (s): cpu = 00:00:00 ; elapsed = 00:00:00.036 . Memory (MB): peak = 1190.094 ; gain = 0.000
---------------------------------------------------------------------------------
Finished Constraint Validation : Time (s): cpu = 00:00:21 ; elapsed = 00:00:27 . Memory (MB): peak = 1190.094 ; gain = 116.691
---------------------------------------------------------------------------------
---------------------------------------------------------------------------------
Start Loading Part and Timing Information
---------------------------------------------------------------------------------
Loading part: xc7a35tlcpg236-2L
---------------------------------------------------------------------------------
Finished Loading Part and Timing Information : Time (s): cpu = 00:00:22 ; elapsed = 00:00:27 . Memory (MB): peak = 1190.094 ; gain = 116.691
---------------------------------------------------------------------------------
---------------------------------------------------------------------------------
Start Applying 'set_property' XDC Constraints
---------------------------------------------------------------------------------
---------------------------------------------------------------------------------
Finished applying 'set_property' XDC Constraints : Time (s): cpu = 00:00:22 ; elapsed = 00:00:27 . Memory (MB): peak = 1190.094 ; gain = 116.691
---------------------------------------------------------------------------------
INFO: [Synth 8-802] inferred FSM for state register 'cs_reg' in module 'tx'
INFO: [Synth 8-802] inferred FSM for state register 'cs_reg' in module 'CharDrawer_serial'
INFO: [Synth 8-802] inferred FSM for state register 'cs_reg' in module 'Codebreaker'
---------------------------------------------------------------------------------------------------
                   State |                     New Encoding |                Previous Encoding 
---------------------------------------------------------------------------------------------------
                    Idle |                           000001 |                              000
                   Start |                           000010 |                              001
                    Bits |                           000100 |                              010
                     Par |                           001000 |                              011
                    Stop |                           010000 |                              100
                     Ack |                           100000 |                              101
---------------------------------------------------------------------------------------------------
INFO: [Synth 8-3354] encoded FSM with state register 'cs_reg' using encoding 'one-hot' in module 'tx'
---------------------------------------------------------------------------------------------------
                   State |                     New Encoding |                Previous Encoding 
---------------------------------------------------------------------------------------------------
                 ST_WAIT |                             0001 |                               00
            ST_WAIT_SENT |                             0010 |                               01
                 ST_SENT |                             0100 |                               10
                 ST_DONE |                             1000 |                               11
---------------------------------------------------------------------------------------------------
INFO: [Synth 8-3354] encoded FSM with state register 'cs_reg' using encoding 'one-hot' in module 'CharDrawer_serial'
INFO: [Synth 8-3971] The signal "dual_port_ram:/ram_reg" was recognized as a true dual port RAM template.
---------------------------------------------------------------------------------------------------
                   State |                     New Encoding |                Previous Encoding 
---------------------------------------------------------------------------------------------------
                    Idle |                               00 |                              000
                  Decode |                               01 |                              001
                Transmit |                               10 |                              010
                    Done |                               11 |                              011
---------------------------------------------------------------------------------------------------
INFO: [Synth 8-3354] encoded FSM with state register 'cs_reg' using encoding 'sequential' in module 'Codebreaker'
---------------------------------------------------------------------------------
Finished RTL Optimization Phase 2 : Time (s): cpu = 00:00:23 ; elapsed = 00:00:29 . Memory (MB): peak = 1190.094 ; gain = 116.691
---------------------------------------------------------------------------------
---------------------------------------------------------------------------------
Start RTL Component Statistics 
---------------------------------------------------------------------------------
Detailed RTL Component Info : 
+---Adders : 
	   2 Input    8 Bit       Adders := 5     
	   2 Input    4 Bit       Adders := 6     
+---XORs : 
	   2 Input      8 Bit         XORs := 1     
+---XORs : 
	                8 Bit    Wide XORs := 1     
+---Registers : 
	              128 Bit    Registers := 1     
	                8 Bit    Registers := 6     
	                4 Bit    Registers := 6     
	                1 Bit    Registers := 2     
+---RAMs : 
	               2K Bit	(256 X 8 bit)          RAMs := 1     
+---Muxes : 
	   2 Input    8 Bit        Muxes := 4     
	   9 Input    8 Bit        Muxes := 2     
	   3 Input    8 Bit        Muxes := 1     
	   7 Input    8 Bit        Muxes := 1     
	  10 Input    8 Bit        Muxes := 3     
	   6 Input    6 Bit        Muxes := 1     
	   2 Input    6 Bit        Muxes := 6     
	   2 Input    5 Bit        Muxes := 1     
	   4 Input    4 Bit        Muxes := 3     
	   2 Input    4 Bit        Muxes := 7     
	  10 Input    3 Bit        Muxes := 1     
	 256 Input    2 Bit        Muxes := 1     
	   4 Input    2 Bit        Muxes := 1     
	   2 Input    2 Bit        Muxes := 3     
	   2 Input    1 Bit        Muxes := 19    
	   6 Input    1 Bit        Muxes := 2     
	   4 Input    1 Bit        Muxes := 4     
	   8 Input    1 Bit        Muxes := 1     
	  14 Input    1 Bit        Muxes := 2     
	   9 Input    1 Bit        Muxes := 2     
	  10 Input    1 Bit        Muxes := 2     
---------------------------------------------------------------------------------
Finished RTL Component Statistics 
---------------------------------------------------------------------------------
---------------------------------------------------------------------------------
Start Part Resource Summary
---------------------------------------------------------------------------------
Part Resources:
DSPs: 90 (col length:60)
BRAMs: 100 (col length: RAMB18 60 RAMB36 30)
---------------------------------------------------------------------------------
Finished Part Resource Summary
---------------------------------------------------------------------------------
---------------------------------------------------------------------------------
Start Cross Boundary and Area Optimization
---------------------------------------------------------------------------------
INFO: [Synth 8-3971] The signal "codebreaker_serial_top/Codebreaker_inst/decript0/ram_inst/ram_reg" was recognized as a true dual port RAM template.
---------------------------------------------------------------------------------
Finished Cross Boundary and Area Optimization : Time (s): cpu = 00:00:32 ; elapsed = 00:00:39 . Memory (MB): peak = 1190.094 ; gain = 116.691
---------------------------------------------------------------------------------
---------------------------------------------------------------------------------
Start ROM, RAM, DSP and Shift Register Reporting
---------------------------------------------------------------------------------

Block RAM: Preliminary Mapping	Report (see note below)
+-----------------------+--------------------------------------------+------------------------+---+---+------------------------+---+---+------------------+--------+--------+
|Module Name            | RTL Object                                 | PORT A (Depth x Width) | W | R | PORT B (Depth x Width) | W | R | Ports driving FF | RAMB18 | RAMB36 | 
+-----------------------+--------------------------------------------+------------------------+---+---+------------------------+---+---+------------------+--------+--------+
|codebreaker_serial_top | Codebreaker_inst/decript0/ram_inst/ram_reg | 256 x 8(NO_CHANGE)     | W |   | 256 x 8(READ_FIRST)    | W | R | Port A and B     | 1      | 0      | 
+-----------------------+--------------------------------------------+------------------------+---+---+------------------------+---+---+------------------+--------+--------+

Note: The table above is a preliminary report that shows the Block RAMs at the current stage of the synthesis flow. Some Block RAMs may be reimplemented as non Block RAM primitives later in the synthesis flow. Multiple instantiated Block RAMs are reported only once. 
---------------------------------------------------------------------------------
Finished ROM, RAM, DSP and Shift Register Reporting
---------------------------------------------------------------------------------
---------------------------------------------------------------------------------
Start Applying XDC Timing Constraints
---------------------------------------------------------------------------------
---------------------------------------------------------------------------------
Finished Applying XDC Timing Constraints : Time (s): cpu = 00:00:44 ; elapsed = 00:00:51 . Memory (MB): peak = 1190.094 ; gain = 116.691
---------------------------------------------------------------------------------
---------------------------------------------------------------------------------
Start Timing Optimization
---------------------------------------------------------------------------------
---------------------------------------------------------------------------------
Finished Timing Optimization : Time (s): cpu = 00:00:47 ; elapsed = 00:00:54 . Memory (MB): peak = 1221.262 ; gain = 147.859
---------------------------------------------------------------------------------
---------------------------------------------------------------------------------
Start ROM, RAM, DSP and Shift Register Reporting
---------------------------------------------------------------------------------

Block RAM: Final Mapping	Report
+-----------------------+--------------------------------------------+------------------------+---+---+------------------------+---+---+------------------+--------+--------+
|Module Name            | RTL Object                                 | PORT A (Depth x Width) | W | R | PORT B (Depth x Width) | W | R | Ports driving FF | RAMB18 | RAMB36 | 
+-----------------------+--------------------------------------------+------------------------+---+---+------------------------+---+---+------------------+--------+--------+
|codebreaker_serial_top | Codebreaker_inst/decript0/ram_inst/ram_reg | 256 x 8(NO_CHANGE)     | W |   | 256 x 8(READ_FIRST)    | W | R | Port A and B     | 1      | 0      | 
+-----------------------+--------------------------------------------+------------------------+---+---+------------------------+---+---+------------------+--------+--------+

---------------------------------------------------------------------------------
Finished ROM, RAM, DSP and Shift Register Reporting
---------------------------------------------------------------------------------
---------------------------------------------------------------------------------
Start Technology Mapping
---------------------------------------------------------------------------------
INFO: [Synth 8-7052] The timing for the instance Codebreaker_inst/decript0/ram_inst/ram_reg (implemented as a Block RAM) might be sub-optimal as no optional output register could be merged into the ram block. Providing additional output register may help in improving timing.
---------------------------------------------------------------------------------
Finished Technology Mapping : Time (s): cpu = 00:00:48 ; elapsed = 00:00:55 . Memory (MB): peak = 1230.738 ; gain = 157.336
---------------------------------------------------------------------------------
---------------------------------------------------------------------------------
Start IO Insertion
---------------------------------------------------------------------------------
---------------------------------------------------------------------------------
Start Flattening Before IO Insertion
---------------------------------------------------------------------------------
---------------------------------------------------------------------------------
Finished Flattening Before IO Insertion
---------------------------------------------------------------------------------
---------------------------------------------------------------------------------
Start Final Netlist Cleanup
---------------------------------------------------------------------------------
---------------------------------------------------------------------------------
Finished Final Netlist Cleanup
---------------------------------------------------------------------------------
---------------------------------------------------------------------------------
Finished IO Insertion : Time (s): cpu = 00:00:54 ; elapsed = 00:01:02 . Memory (MB): peak = 1230.738 ; gain = 157.336
---------------------------------------------------------------------------------
---------------------------------------------------------------------------------
Start Renaming Generated Instances
---------------------------------------------------------------------------------
---------------------------------------------------------------------------------
Finished Renaming Generated Instances : Time (s): cpu = 00:00:54 ; elapsed = 00:01:02 . Memory (MB): peak = 1230.738 ; gain = 157.336
---------------------------------------------------------------------------------
---------------------------------------------------------------------------------
Start Rebuilding User Hierarchy
---------------------------------------------------------------------------------
---------------------------------------------------------------------------------
Finished Rebuilding User Hierarchy : Time (s): cpu = 00:00:54 ; elapsed = 00:01:02 . Memory (MB): peak = 1230.738 ; gain = 157.336
---------------------------------------------------------------------------------
---------------------------------------------------------------------------------
Start Renaming Generated Ports
---------------------------------------------------------------------------------
---------------------------------------------------------------------------------
Finished Renaming Generated Ports : Time (s): cpu = 00:00:54 ; elapsed = 00:01:02 . Memory (MB): peak = 1230.738 ; gain = 157.336
---------------------------------------------------------------------------------
---------------------------------------------------------------------------------
Start Handling Custom Attributes
---------------------------------------------------------------------------------
---------------------------------------------------------------------------------
Finished Handling Custom Attributes : Time (s): cpu = 00:00:55 ; elapsed = 00:01:02 . Memory (MB): peak = 1230.738 ; gain = 157.336
---------------------------------------------------------------------------------
---------------------------------------------------------------------------------
Start Renaming Generated Nets
---------------------------------------------------------------------------------
---------------------------------------------------------------------------------
Finished Renaming Generated Nets : Time (s): cpu = 00:00:55 ; elapsed = 00:01:02 . Memory (MB): peak = 1230.738 ; gain = 157.336
---------------------------------------------------------------------------------
---------------------------------------------------------------------------------
Start Writing Synthesis Report
---------------------------------------------------------------------------------

Report BlackBoxes: 
+-+--------------+----------+
| |BlackBox name |Instances |
+-+--------------+----------+
+-+--------------+----------+

Report Cell Usage: 
+------+---------+------+
|      |Cell     |Count |
+------+---------+------+
|1     |BUFG     |     1|
|2     |CARRY4   |    28|
|3     |LUT1     |    44|
|4     |LUT2     |    36|
|5     |LUT3     |    36|
|6     |LUT4     |    54|
|7     |LUT5     |    72|
|8     |LUT6     |   129|
|9     |MUXF7    |     8|
|10    |RAMB18E1 |     1|
|11    |FDRE     |   279|
|12    |FDSE     |     6|
|13    |IBUF     |     3|
|14    |OBUF     |    29|
+------+---------+------+
---------------------------------------------------------------------------------
Finished Writing Synthesis Report : Time (s): cpu = 00:00:55 ; elapsed = 00:01:02 . Memory (MB): peak = 1230.738 ; gain = 157.336
---------------------------------------------------------------------------------
Synthesis finished with 0 errors, 0 critical warnings and 0 warnings.
Synthesis Optimization Runtime : Time (s): cpu = 00:00:41 ; elapsed = 00:00:58 . Memory (MB): peak = 1230.738 ; gain = 49.059
Synthesis Optimization Complete : Time (s): cpu = 00:00:55 ; elapsed = 00:01:03 . Memory (MB): peak = 1230.738 ; gain = 157.336
INFO: [Project 1-571] Translating synthesized netlist
Netlist sorting complete. Time (s): cpu = 00:00:00 ; elapsed = 00:00:00.017 . Memory (MB): peak = 1239.570 ; gain = 0.000
INFO: [Netlist 29-17] Analyzing 37 Unisim elements for replacement
INFO: [Netlist 29-28] Unisim Transformation completed in 0 CPU seconds
INFO: [Project 1-570] Preparing netlist for logic optimization
INFO: [Opt 31-138] Pushed 0 inverter(s) to 0 load pin(s).
Netlist sorting complete. Time (s): cpu = 00:00:00 ; elapsed = 00:00:00 . Memory (MB): peak = 1239.570 ; gain = 0.000
INFO: [Project 1-111] Unisim Transformation Summary:
No Unisim elements were transformed.

INFO: [Common 17-83] Releasing license: Synthesis
55 Infos, 1 Warnings, 0 Critical Warnings and 0 Errors encountered.
synth_design completed successfully
synth_design: Time (s): cpu = 00:01:05 ; elapsed = 00:01:18 . Memory (MB): peak = 1239.570 ; gain = 166.168
INFO: [Common 17-1381] The checkpoint 'E:/Documents/SystemVerilog/Lab10/Lab10.runs/synth_1/codebreaker_serial_top.dcp' has been generated.
INFO: [runtcl-4] Executing : report_utilization -file codebreaker_serial_top_utilization_synth.rpt -pb codebreaker_serial_top_utilization_synth.pb
INFO: [Common 17-206] Exiting Vivado at Wed Nov 18 12:51:41 2020...
